M-Coupons/proguard-project.txt
-optimizationpasses 5
-dontusemixedcaseclassnames
-dontskipnonpubliclibraryclasses
-dontpreverify
-verbose
-optimizations !code/simplification/arithmetic,!field/*,!class/merging/*



-keepclasseswithmembernames class * {
    native <methods>;
}

-keepclasseswithmembers class * {
    public <init>(android.content.Context, android.util.AttributeSet);
}

-keepclasseswithmembers class * {
    public <init>(android.content.Context, android.util.AttributeSet, int);
}

-keepclassmembers class * extends android.app.Activity {
   public void *(android.view.View);
}

-keepclassmembers enum * {
    public static **[] values();
    public static ** valueOf(java.lang.String);
}

-keep class * implements android.os.Parcelable {
  public static final android.os.Parcelable$Creator *;
}

-libraryjars libs/armeabi/libAjrdSafeSoft.so
-libraryjars libs/android-support-v4.jar
-libraryjars libs/commons-httpclient-3.1.jar
-libraryjars libs/zxing-1.6.jar


-dontwarn org.apache.commons.logging.*
-dontwarn org.apache.commons.codec.*
-dontwarn org.apache.commons.codec.net.*
-dontwarn org.apache.commons.codec.binary.*
