M-Coupons/proguard/seeds.txt
com.coco.android.BaseActivity: BaseActivity()
com.coco.android.MyApplication
com.coco.android.MyApplication: MyApplication()
com.coco.android.R$anim: int alpha
com.coco.android.R$anim: int dialog_enter
com.coco.android.R$anim: int dialog_exit
com.coco.android.R$anim: int push_left_in
com.coco.android.R$anim: int push_left_out
com.coco.android.R$anim: int push_right_in
com.coco.android.R$anim: int push_right_out
com.coco.android.R$anim: int push_top_in
com.coco.android.R$anim: int push_top_out
com.coco.android.R$anim: int slide_left_in
com.coco.android.R$anim: int slide_left_out
com.coco.android.R$anim: int slide_right_in
com.coco.android.R$anim: int slide_right_out
com.coco.android.R$anim: int tv_off
com.coco.android.R$array: int main_menu
com.coco.android.R$array: int return_code
com.coco.android.R$color: int Noteback
com.coco.android.R$color: int Text
com.coco.android.R$color: int ToDayText
com.coco.android.R$color: int black
com.coco.android.R$color: int black_color
com.coco.android.R$color: int br0
com.coco.android.R$color: int calendar_background
com.coco.android.R$color: int calendar_zhe_day
com.coco.android.R$color: int color_red
com.coco.android.R$color: int edit_blue
com.coco.android.R$color: int event_center
com.coco.android.R$color: int forecast_point
com.coco.android.R$color: int frame
com.coco.android.R$color: int login_btn_text_color
com.coco.android.R$color: int login_checkbox_title
com.coco.android.R$color: int login_edittext_title
com.coco.android.R$color: int lottery_detail_color
com.coco.android.R$color: int lottery_item_white
com.coco.android.R$color: int lottery_item_yellow
com.coco.android.R$color: int money_color
com.coco.android.R$color: int mytransparent
com.coco.android.R$color: int noMonth
com.coco.android.R$color: int orange
com.coco.android.R$color: int phone_recharge_his_dialog_blue
com.coco.android.R$color: int possible_result_points
com.coco.android.R$color: int read_message_color
com.coco.android.R$color: int result_view
com.coco.android.R$color: int selection
com.coco.android.R$color: int tempColor
com.coco.android.R$color: int text_6
com.coco.android.R$color: int text_7
com.coco.android.R$color: int title_text_6
com.coco.android.R$color: int title_text_7
com.coco.android.R$dimen: int dp10
com.coco.android.R$dimen: int sp14
com.coco.android.R$dimen: int sp20
com.coco.android.R$drawable: int add_brith_baocun
com.coco.android.R$drawable: int bg
com.coco.android.R$drawable: int btn_left
com.coco.android.R$drawable: int btn_left_sel
com.coco.android.R$drawable: int btn_right
com.coco.android.R$drawable: int btn_right_sel
com.coco.android.R$drawable: int co_co_logo
com.coco.android.R$drawable: int content
com.coco.android.R$drawable: int datepicker_bg
com.coco.android.R$drawable: int dot
com.coco.android.R$drawable: int fun_01
com.coco.android.R$drawable: int fun_02
com.coco.android.R$drawable: int fun_03
com.coco.android.R$drawable: int fun_04
com.coco.android.R$drawable: int fun_05
com.coco.android.R$drawable: int fun_06
com.coco.android.R$drawable: int guide_dot_black
com.coco.android.R$drawable: int guide_dot_white
com.coco.android.R$drawable: int ic_launcher
com.coco.android.R$drawable: int icon
com.coco.android.R$drawable: int inputbox_2
com.coco.android.R$drawable: int inputbox_3
com.coco.android.R$drawable: int inputbox_down
com.coco.android.R$drawable: int l_arrow
com.coco.android.R$drawable: int l_arrow_sel
com.coco.android.R$drawable: int left_selector
com.coco.android.R$drawable: int line_bottom_off
com.coco.android.R$drawable: int line_bottom_on
com.coco.android.R$drawable: int line_mid_off
com.coco.android.R$drawable: int line_mid_on
com.coco.android.R$drawable: int line_off
com.coco.android.R$drawable: int line_on
com.coco.android.R$drawable: int line_top_off
...
android.support.v4.app.BackStackState
android.support.v4.app.BackStackState: android.os.Parcelable$Creator CREATOR
android.support.v4.app.Fragment$SavedState
android.support.v4.app.Fragment$SavedState: android.os.Parcelable$Creator CREATOR
android.support.v4.app.FragmentManagerState
android.support.v4.app.FragmentManagerState: android.os.Parcelable$Creator CREATOR
android.support.v4.app.FragmentState
android.support.v4.app.FragmentState: android.os.Parcelable$Creator CREATOR
android.support.v4.app.FragmentTabHost
android.support.v4.app.FragmentTabHost: FragmentTabHost(android.content.Context,android.util.AttributeSet)
android.support.v4.app.FragmentTabHost: void setOnTabChangedListener(android.widget.TabHost$OnTabChangeListener)
android.support.v4.app.FragmentTabHost$SavedState
android.support.v4.app.FragmentTabHost$SavedState: android.os.Parcelable$Creator CREATOR
android.support.v4.content.ModernAsyncTask$Status: android.support.v4.content.ModernAsyncTask$Status[] values()
android.support.v4.content.ModernAsyncTask$Status: android.support.v4.content.ModernAsyncTask$Status valueOf(java.lang.String)
android.support.v4.view.PagerTabStrip
android.support.v4.view.PagerTabStrip: PagerTabStrip(android.content.Context,android.util.AttributeSet)
android.support.v4.view.PagerTabStrip: void setTabIndicatorColor(int)
android.support.v4.view.PagerTabStrip: void setTabIndicatorColorResource(int)
android.support.v4.view.PagerTabStrip: int getTabIndicatorColor()
android.support.v4.view.PagerTabStrip: void setTextSpacing(int)
android.support.v4.view.PagerTabStrip: void setBackgroundDrawable(android.graphics.drawable.Drawable)
android.support.v4.view.PagerTabStrip: void setBackgroundColor(int)
android.support.v4.view.PagerTabStrip: void setBackgroundResource(int)
android.support.v4.view.PagerTabStrip: void setDrawFullUnderline(boolean)
android.support.v4.view.PagerTabStrip: boolean getDrawFullUnderline()
android.support.v4.view.PagerTabStrip: int getMinHeight()
android.support.v4.view.PagerTitleStrip
android.support.v4.view.PagerTitleStrip: void setSingleLineAllCaps(android.widget.TextView)
android.support.v4.view.PagerTitleStrip: PagerTitleStrip(android.content.Context,android.util.AttributeSet)
android.support.v4.view.PagerTitleStrip: void setTextSpacing(int)
android.support.v4.view.PagerTitleStrip: int getTextSpacing()
android.support.v4.view.PagerTitleStrip: void setNonPrimaryAlpha(float)
android.support.v4.view.PagerTitleStrip: void setTextColor(int)
android.support.v4.view.PagerTitleStrip: void setGravity(int)
android.support.v4.view.PagerTitleStrip: int getMinHeight()