M-Coupons/proguard/mapping.txt
com.coco.android.AppManager -> com.coco.android.a:
    java.util.Stack activityStack -> a
    com.coco.android.AppManager instance -> b
    com.coco.android.AppManager getAppManager() -> a
    void addActivity(android.app.Activity) -> a
    void finishActivity(android.app.Activity) -> b
    void finishAllActivity() -> b
    void AppExit(android.content.Context) -> a
com.coco.android.BaseActivity -> com.coco.android.b:
    android.app.AlertDialog mAlertDialog -> a
    android.os.AsyncTask mRunningTask -> b
    int network_err_count -> c
    void onCreate(android.os.Bundle) -> onCreate
    void setTitle(int) -> setTitle
    void onStart() -> onStart
    void onRestart() -> onRestart
    void onResume() -> onResume
    void onPause() -> onPause
    void onStop() -> onStop
    void onDestroy() -> onDestroy
    void showShortToast(int) -> a
    void showShortToast(java.lang.String) -> a
    void openActivity(java.lang.Class) -> a
    void openActivity(java.lang.Class,android.os.Bundle) -> a
    android.app.AlertDialog showAlertDialog(java.lang.String,java.lang.String,android.content.DialogInterface$OnClickListener,android.content.DialogInterface$OnClickListener,android.content.DialogInterface$OnDismissListener) -> a
    android.app.ProgressDialog showProgressDialog(int) -> b
    android.app.ProgressDialog showProgressDialog(java.lang.String,java.lang.String,android.content.DialogInterface$OnCancelListener) -> a
    void finish() -> finish
    void defaultFinish() -> a
com.coco.android.MyApplication -> com.coco.android.MyApplication:
    java.lang.String RECIVE_LOG_EMAIL -> a
    java.lang.String TMP_USER_NAME -> b
    java.lang.String LOGIN_PWD -> c
    byte[] MAC_KEY -> d
    byte[] PIN_KEY -> e
    java.lang.String CHE_XIAO_VALUE_60 -> f
    java.lang.String CHE_XIAO_CARD_NUM -> g
    java.lang.String CHE_XIAO_START_TIME -> h
    java.lang.String CHE_XIAO_END_TIME -> i
    java.lang.String QUERY_DEAL_DETAIL_CURRENT_RETURN_FLAG -> j
    java.lang.String QUERY_DEAL_DETAIL_QUERY_CURRENT_RETURN_COUNT -> k
    java.lang.String DEAL_CANCLE_CURRENT_RETURN_FLAG -> l
    java.lang.String DEAL_CANCLE_CURRENT_RETURN_FLAG2 -> m
    java.lang.String DEAL_CANCLE_CURRENT_RETURN_COUNT -> n
    java.lang.String DEAL_TYPE_CONSUME -> o
    java.lang.String PHONE_INFO2 -> p
    java.lang.String QUERY_START_TIME -> q
    java.lang.String QUERY_END_TIME -> r
    java.lang.String QUERY_START_MIN -> s
    java.lang.String QUERY_END_MIN -> t
    int myAuthority -> u
    int myMepAuority -> v
    java.lang.String PHONE_INFO -> w
    java.lang.String IP -> x
    java.lang.String TERM_NUM -> y
    java.lang.String COMM_NUM -> z
    java.lang.String PHONE_NUM -> A
    java.lang.String[] USER_NAME_LIST -> B
    java.lang.String CONSUME_CARD_DEAD_TIME -> C
    java.lang.String POS_INPUT_TYPE1 -> D
    java.lang.String POS_INPUT_TYPE2 -> E
    java.lang.String POS_INPUT_TYPE3 -> F
    java.lang.String POS_INPUT_TYPE4 -> G
...
com.google.zxing.qrcode.decoder.DecodedBitStreamParser -> com.google.zxing.g.a.m:
    char[] ALPHANUMERIC_CHARS -> a
    com.google.zxing.common.DecoderResult decode(byte[],com.google.zxing.qrcode.decoder.Version,com.google.zxing.qrcode.decoder.ErrorCorrectionLevel,java.util.Hashtable) -> a
    void decodeKanjiSegment(com.google.zxing.common.BitSource,java.lang.StringBuffer,int) -> a
    void decodeByteSegment(com.google.zxing.common.BitSource,java.lang.StringBuffer,int,com.google.zxing.common.CharacterSetECI,java.util.Vector,java.util.Hashtable) -> a
    char toAlphaNumericChar(int) -> a
    void decodeAlphanumericSegment(com.google.zxing.common.BitSource,java.lang.StringBuffer,int,boolean) -> a
    void decodeNumericSegment(com.google.zxing.common.BitSource,java.lang.StringBuffer,int) -> b
    int parseECIValue(com.google.zxing.common.BitSource) -> a
com.google.zxing.qrcode.decoder.Decoder -> com.google.zxing.g.a.n:
    com.google.zxing.common.reedsolomon.ReedSolomonDecoder rsDecoder -> a
    com.google.zxing.common.DecoderResult decode(com.google.zxing.common.BitMatrix,java.util.Hashtable) -> a
    void correctErrors(byte[],int) -> a
com.google.zxing.qrcode.decoder.ErrorCorrectionLevel -> com.google.zxing.g.a.o:
    com.google.zxing.qrcode.decoder.ErrorCorrectionLevel L -> a
    com.google.zxing.qrcode.decoder.ErrorCorrectionLevel M -> b
    com.google.zxing.qrcode.decoder.ErrorCorrectionLevel Q -> c
    com.google.zxing.qrcode.decoder.ErrorCorrectionLevel H -> d
    com.google.zxing.qrcode.decoder.ErrorCorrectionLevel[] FOR_BITS -> e
    int ordinal -> f
    int bits -> g
    java.lang.String name -> h
    int ordinal() -> a
    java.lang.String toString() -> toString
    com.google.zxing.qrcode.decoder.ErrorCorrectionLevel forBits(int) -> a
com.google.zxing.qrcode.decoder.FormatInformation -> com.google.zxing.g.a.p:
    int[][] FORMAT_INFO_DECODE_LOOKUP -> a
    int[] BITS_SET_IN_HALF_BYTE -> b
    com.google.zxing.qrcode.decoder.ErrorCorrectionLevel errorCorrectionLevel -> c
    byte dataMask -> d
    int numBitsDiffering(int,int) -> a
    com.google.zxing.qrcode.decoder.FormatInformation decodeFormatInformation(int,int) -> b
    com.google.zxing.qrcode.decoder.FormatInformation doDecodeFormatInformation(int,int) -> c
    com.google.zxing.qrcode.decoder.ErrorCorrectionLevel getErrorCorrectionLevel() -> a
    byte getDataMask() -> b
    int hashCode() -> hashCode
    boolean equals(java.lang.Object) -> equals
com.google.zxing.qrcode.decoder.Mode -> com.google.zxing.g.a.q:
    com.google.zxing.qrcode.decoder.Mode TERMINATOR -> a
    com.google.zxing.qrcode.decoder.Mode NUMERIC -> b
    com.google.zxing.qrcode.decoder.Mode ALPHANUMERIC -> c
    com.google.zxing.qrcode.decoder.Mode STRUCTURED_APPEND -> d
    com.google.zxing.qrcode.decoder.Mode BYTE -> e
    com.google.zxing.qrcode.decoder.Mode ECI -> f
    com.google.zxing.qrcode.decoder.Mode KANJI -> g
    com.google.zxing.qrcode.decoder.Mode FNC1_FIRST_POSITION -> h
    com.google.zxing.qrcode.decoder.Mode FNC1_SECOND_POSITION -> i
    int[] characterCountBitsForVersions -> j
    int bits -> k
    java.lang.String name -> l
    com.google.zxing.qrcode.decoder.Mode forBits(int) -> a
    int getCharacterCountBits(com.google.zxing.qrcode.decoder.Version) -> a
    java.lang.String toString() -> toString