M-Coupons/proguard/usage.txt
com.coco.android.AppException
com.coco.android.AppException$1
com.coco.android.AppManager:
    43:44:public android.app.Activity currentActivity()
    50:52:public void finishActivity()
    67:72:public void finishActivity(java.lang.Class)
com.coco.android.BaseActivity:
    private static final java.lang.String TAG
    51:55:public void setTitle(java.lang.String)
    124:125:protected void showLongToast(java.lang.String)
    127:128:protected void showLongToast(int)
    135:138:protected boolean hasExtra(java.lang.String)
    154:155:protected void openActivity(java.lang.String)
    158:163:protected void openActivity(java.lang.String,android.os.Bundle)
    176:183:public void setAlertDialogIsClose(android.content.DialogInterface,java.lang.Boolean)
    186:188:protected android.app.AlertDialog showAlertDialog(java.lang.String,java.lang.String)
    193:194:protected android.app.AlertDialog showAlertDialog(int,java.lang.String,android.content.DialogInterface$OnClickListener)
    218:226:protected android.app.AlertDialog showAlertDialog(java.lang.String,java.lang.String,java.lang.String,java.lang.String,android.content.DialogInterface$OnClickListener,android.content.DialogInterface$OnClickListener,android.content.DialogInterface$OnDismissListener)
    232:233:protected android.app.ProgressDialog showProgressDialog(int,java.lang.String,android.content.DialogInterface$OnCancelListener)
    238:238:protected android.app.ProgressDialog showProgressDialog(java.lang.String,java.lang.String)
    241:241:protected android.app.ProgressDialog showProgressDialog(java.lang.String)
    255:259:protected void hideKeyboard(android.view.View)
    262:270:protected void handleOutmemoryError()
com.coco.android.BaseActivity$1
com.coco.android.BaseActivity$2
com.coco.android.BaseActivity$3
com.coco.android.BaseActivity$4
com.coco.android.BuildConfig
com.coco.android.MyApplication:
    public static final java.lang.String BASE_URL
    public static final java.lang.String DEFAULT_IMSI
    public static final java.lang.String MAIN_KEY
    public static final java.lang.String MAIN_KEY2
    public static final java.lang.String DEFAULT_MAC_KEY
    public static final java.lang.String QUERY_DEAL_DETAIL_MTI
    public static final java.lang.String QUERY_HUI_ZONG_MTI
    public static final java.lang.String DEAL_CANCLE_QUERY_MTI
    public static final java.lang.String CARD_PREFIX
    public static final int AUTHORITY_MANAGER
    public static final java.lang.String MANAGER
    public static final int AUTHORITY_EMPLOYEE
    public static final java.lang.String EMPLOYEE
    public static final int MEP_EMPLOYEE_AUTHORITY
    public static final int MEP_BOOSS_AUTHORITY
    public static final java.lang.String GET_OPERATER_DETAIL_QUERY_FLAG
    public static final java.lang.String GET_OPERATER_DETAIL_QUERY_TYPE
    public static final java.lang.String QUERY_MEP_DEAL_MTI
    public static final java.lang.String QUERY_MEP_DEAL_CURRENT_RETURN_POSI
    public static final java.lang.String QUERY_MEP_DEAL_CURRENT_RETURN_COUNT
    public static final java.lang.String QUERY_MEP_DEAL_QUERY_TYPE_C
    public static final java.lang.String QUERY_MEP_DEAL_QUERY_TYPE_D
    public static final java.lang.String SP_TERM_COMM
    public static final java.lang.String SP_TERM_NUM_KEY
com.coco.android.R
com.coco.android.R$anim
com.coco.android.R$array
com.coco.android.R$attr
com.coco.android.R$color
com.coco.android.R$dimen
com.coco.android.R$drawable
com.coco.android.R$id
com.coco.android.R$interpolator
com.coco.android.R$layout
com.coco.android.R$raw
com.coco.android.R$string
com.coco.android.R$style
...
android.support.v4.view.accessibility.AccessibilityManagerCompat$AccessibilityManagerIcsImpl$1
android.support.v4.view.accessibility.AccessibilityManagerCompat$AccessibilityManagerStubImpl
android.support.v4.view.accessibility.AccessibilityManagerCompat$AccessibilityManagerVersionImpl
android.support.v4.view.accessibility.AccessibilityManagerCompat$AccessibilityStateChangeListenerCompat
android.support.v4.view.accessibility.AccessibilityManagerCompatIcs
android.support.v4.view.accessibility.AccessibilityManagerCompatIcs$1
android.support.v4.view.accessibility.AccessibilityManagerCompatIcs$AccessibilityStateChangeListenerBridge
android.support.v4.view.accessibility.AccessibilityNodeInfoCompat:
    public static final int ACTION_FOCUS
    public static final int ACTION_CLEAR_FOCUS
    public static final int ACTION_SELECT
    public static final int ACTION_CLEAR_SELECTION
    public static final int ACTION_CLICK
    public static final int ACTION_LONG_CLICK
    public static final int ACTION_ACCESSIBILITY_FOCUS
    public static final int ACTION_CLEAR_ACCESSIBILITY_FOCUS
    public static final int ACTION_NEXT_AT_MOVEMENT_GRANULARITY
    public static final int ACTION_PREVIOUS_AT_MOVEMENT_GRANULARITY
    public static final int ACTION_NEXT_HTML_ELEMENT
    public static final int ACTION_PREVIOUS_HTML_ELEMENT
    public static final int ACTION_SCROLL_FORWARD
    public static final int ACTION_SCROLL_BACKWARD
    public static final java.lang.String ACTION_ARGUMENT_MOVEMENT_GRANULARITY_INT
    public static final java.lang.String ACTION_ARGUMENT_HTML_ELEMENT_STRING
    public static final int FOCUS_INPUT
    public static final int FOCUS_ACCESSIBILITY
    public static final int MOVEMENT_GRANULARITY_CHARACTER
    public static final int MOVEMENT_GRANULARITY_WORD
    public static final int MOVEMENT_GRANULARITY_LINE
    public static final int MOVEMENT_GRANULARITY_PARAGRAPH
    public static final int MOVEMENT_GRANULARITY_PAGE
    949:949:public static android.support.v4.view.accessibility.AccessibilityNodeInfoCompat obtain(android.view.View)
android.support.v4.view.accessibility.AccessibilityNodeInfoCompat$AccessibilityNodeInfoIcsImpl:
    402:402:public java.lang.Object obtain()
    407:407:public java.lang.Object obtain(android.view.View)
    427:427:public java.util.List findAccessibilityNodeInfosByText(java.lang.Object,java.lang.String)
    447:447:public java.lang.Object getChild(java.lang.Object,int)
    452:452:public int getChildCount(java.lang.Object)
    472:472:public java.lang.Object getParent(java.lang.Object)
    477:477:public java.lang.CharSequence getText(java.lang.Object)
    482:482:public int getWindowId(java.lang.Object)
    487:487:public boolean isCheckable(java.lang.Object)
    492:492:public boolean isChecked(java.lang.Object)
    522:522:public boolean isPassword(java.lang.Object)
    527:527:public boolean isScrollable(java.lang.Object)
    537:537:public boolean performAction(java.lang.Object,int)
    552:553:public void setCheckable(java.lang.Object,boolean)
    557:558:public void setChecked(java.lang.Object,boolean)
    607:608:public void setPassword(java.lang.Object,boolean)
    627:628:public void setText(java.lang.Object,java.lang.CharSequence)